<?xml version="1.0" encoding="UTF-8"?>
<testsuite xmlns:xsi="http://www.w3.org/2001/XMLSchema-instance" xsi:noNamespaceSchemaLocation="https://maven.apache.org/surefire/maven-surefire-plugin/xsd/surefire-test-report-3.0.xsd" version="3.0" name="testScenario.ScenarioJunitActivatorTest" time="2.71" tests="2" errors="0" skipped="0" failures="0">
  <properties>
[...]
</properties>
  <testcase name="#1: " classname="bmi-test" time="1.223">
    <system-err><![CDATA[[main] INFO org.drools.compiler.kie.builder.impl.ClasspathKieProject - Found kmodule: file:/C:/Repos/MSSQLApp/new_business/target/classes/META-INF/kmodule.xml
[main] WARN org.drools.compiler.kie.builder.impl.ClasspathKieProject - Unable to find pom.properties in /C:/Repos/MSSQLApp/new_business/target/classes
[main] INFO org.drools.compiler.kie.builder.impl.ClasspathKieProject - Recursed up folders, found and used pom.xml C:\Repos\MSSQLApp\new_business\pom.xml
[main] INFO org.drools.compiler.kie.builder.impl.InternalKieModuleProvider - Creating KieModule for artifact com.mydbaccess.app:new_business:1.0
[main] INFO org.drools.modelcompiler.CanonicalKieModuleProvider - No executable model found for artifact com.mydbaccess.app:new_business:1.0. Falling back to resources parsing.
[main] INFO org.drools.compiler.kie.builder.impl.KieContainerImpl - Start creation of KieBase: defaultKieBase
[main] INFO org.drools.compiler.kie.builder.impl.KieContainerImpl - End creation of KieBase: defaultKieBase
]]></system-err>
  </testcase>
  <testcase name="#2: " classname="bmi-test" time="0"/>
</testsuite>